{"name": "Проверка увеличения счетчика заказов за все время, при оформлении нового", "status": "broken", "statusDetails": {"message": "selenium.common.exceptions.TimeoutException: Message: \nStacktrace:\n\tGetHandleVerifier [0x00007FF70FCC7032+63090]\n\t(No symbol) [0x00007FF70FC32C82]\n\t(No symbol) [0x00007FF70FACEC65]\n\t(No symbol) [0x00007FF70FB1499D]\n\t(No symbol) [0x00007FF70FB14ADC]\n\t(No symbol) [0x00007FF70FB55B37]\n\t(No symbol) [0x00007FF70FB3701F]\n\t(No symbol) [0x00007FF70FB53412]\n\t(No symbol) [0x00007FF70FB36D83]\n\t(No symbol) [0x00007FF70FB083A8]\n\t(No symbol) [0x00007FF70FB09441]\n\tGetHandleVerifier [0x00007FF7100C25AD+4238317]\n\tGetHandleVerifier [0x00007FF7100FF70D+4488525]\n\tGetHandleVerifier [0x00007FF7100F79EF+4456495]\n\tGetHandleVerifier [0x00007FF70FDA0576+953270]\n\t(No symbol) [0x00007FF70FC3E54F]\n\t(No symbol) [0x00007FF70FC39224]\n\t(No symbol) [0x00007FF70FC3935B]\n\t(No symbol) [0x00007FF70FC29B94]\n\tBaseThreadInitThunk [0x00007FFE675D7344+20]\n\tRtlUserThreadStart [0x00007FFE677426B1+33]", "trace": "self = <tests.test_orders_feed_page.TestOrdersFeedPage object at 0x0000022D29201A00>, orders_feed_page_authorize = <pages.orders_feed_page.OrdersFeedPage object at 0x0000022D2923D790>\n\n    @allure.title('Проверка увеличения счетчика заказов за все время, при оформлении нового')\n    def test_check_all_order_counter_increased(self, orders_feed_page_authorize):\n        orders_feed_page_authorize.click_on_orders_feed()\n        before_orders = orders_feed_page_authorize.get_all_orders_counter()\n    \n        orders_feed_page_authorize.click_on_builder()\n        orders_feed_page_authorize.create_order()\n        orders_feed_page_authorize.close_details_order_window()\n    \n        orders_feed_page_authorize.click_on_orders_feed()\n>       after_orders = orders_feed_page_authorize.get_all_orders_counter()\n\ntests\\test_orders_feed_page.py:38: \n_ _ _ _ _ _ _ _ _ _ _ _ _ _ _ _ _ _ _ _ _ _ _ _ _ _ _ _ _ _ _ _ _ _ _ _ _ _ _ _ _ _ _ _ _ _ _ _ _ _ _ _ _ _ _ _ _ _ _ _ _ _ _ _ _ _ _ _ _ _ _ _ _ _ _ _ _ _ _ _ _ _ _ _ _ _ _ _ _ _ _ _ _ _ _ _ _ _ _ _ _ _ _ _ _ _ _ _ _ _ _ _ _ _\npages\\orders_feed_page.py:65: in get_all_orders_counter\n    return self.get_text_from_element(OrdersFeedLocators.ALL_ORDERS_COUNTER)\npages\\base_page.py:31: in get_text_from_element\n    element = self.find_element_with_wait(locator)\npages\\base_page.py:11: in find_element_with_wait\n    WebDriverWait(self.driver, 5).until(expected_conditions.visibility_of_element_located(locator))\n_ _ _ _ _ _ _ _ _ _ _ _ _ _ _ _ _ _ _ _ _ _ _ _ _ _ _ _ _ _ _ _ _ _ _ _ _ _ _ _ _ _ _ _ _ _ _ _ _ _ _ _ _ _ _ _ _ _ _ _ _ _ _ _ _ _ _ _ _ _ _ _ _ _ _ _ _ _ _ _ _ _ _ _ _ _ _ _ _ _ _ _ _ _ _ _ _ _ _ _ _ _ _ _ _ _ _ _ _ _ _ _ _ _\n\nself = <selenium.webdriver.support.wait.WebDriverWait (session=\"3b5e1809f37c28e5d6dd2290a40e31b6\")>, method = <function visibility_of_element_located.<locals>._predicate at 0x0000022D2923A8E0>, message = ''\n\n    def until(self, method: Callable[[D], Union[Literal[False], T]], message: str = \"\") -> T:\n        \"\"\"Calls the method provided with the driver as an argument until the \\\n        return value does not evaluate to ``False``.\n    \n        :param method: callable(WebDriver)\n        :param message: optional message for :exc:`TimeoutException`\n        :returns: the result of the last call to `method`\n        :raises: :exc:`selenium.common.exceptions.TimeoutException` if timeout occurs\n        \"\"\"\n        screen = None\n        stacktrace = None\n    \n        end_time = time.monotonic() + self._timeout\n        while True:\n            try:\n                value = method(self._driver)\n                if value:\n                    return value\n            except self._ignored_exceptions as exc:\n                screen = getattr(exc, \"screen\", None)\n                stacktrace = getattr(exc, \"stacktrace\", None)\n            time.sleep(self._poll)\n            if time.monotonic() > end_time:\n                break\n>       raise TimeoutException(message, screen, stacktrace)\nE       selenium.common.exceptions.TimeoutException: Message: \nE       Stacktrace:\nE       \tGetHandleVerifier [0x00007FF70FCC7032+63090]\nE       \t(No symbol) [0x00007FF70FC32C82]\nE       \t(No symbol) [0x00007FF70FACEC65]\nE       \t(No symbol) [0x00007FF70FB1499D]\nE       \t(No symbol) [0x00007FF70FB14ADC]\nE       \t(No symbol) [0x00007FF70FB55B37]\nE       \t(No symbol) [0x00007FF70FB3701F]\nE       \t(No symbol) [0x00007FF70FB53412]\nE       \t(No symbol) [0x00007FF70FB36D83]\nE       \t(No symbol) [0x00007FF70FB083A8]\nE       \t(No symbol) [0x00007FF70FB09441]\nE       \tGetHandleVerifier [0x00007FF7100C25AD+4238317]\nE       \tGetHandleVerifier [0x00007FF7100FF70D+4488525]\nE       \tGetHandleVerifier [0x00007FF7100F79EF+4456495]\nE       \tGetHandleVerifier [0x00007FF70FDA0576+953270]\nE       \t(No symbol) [0x00007FF70FC3E54F]\nE       \t(No symbol) [0x00007FF70FC39224]\nE       \t(No symbol) [0x00007FF70FC3935B]\nE       \t(No symbol) [0x00007FF70FC29B94]\nE       \tBaseThreadInitThunk [0x00007FFE675D7344+20]\nE       \tRtlUserThreadStart [0x00007FFE677426B1+33]\n\nvenv\\Lib\\site-packages\\selenium\\webdriver\\support\\wait.py:105: TimeoutException"}, "steps": [{"name": "Нажать на ссылку Лента заказов", "status": "passed", "start": 1712827431567, "stop": 1712827432129}, {"name": "Получить значение счетчика заказов за все время", "status": "passed", "start": 1712827432129, "stop": 1712827432651}, {"name": "Нажать на ссылку Конструктор", "status": "passed", "start": 1712827432651, "stop": 1712827433217}, {"name": "Создать заказ", "status": "passed", "start": 1712827433218, "stop": 1712827434042}, {"name": "Закрыть окно заказа", "status": "passed", "start": 1712827434042, "stop": 1712827434822}, {"name": "Нажать на ссылку Лента заказов", "status": "passed", "start": 1712827434822, "stop": 1712827435385}, {"name": "Получить значение счетчика заказов за все время", "status": "broken", "statusDetails": {"message": "selenium.common.exceptions.TimeoutException: Message: \nStacktrace:\n\tGetHandleVerifier [0x00007FF70FCC7032+63090]\n\t(No symbol) [0x00007FF70FC32C82]\n\t(No symbol) [0x00007FF70FACEC65]\n\t(No symbol) [0x00007FF70FB1499D]\n\t(No symbol) [0x00007FF70FB14ADC]\n\t(No symbol) [0x00007FF70FB55B37]\n\t(No symbol) [0x00007FF70FB3701F]\n\t(No symbol) [0x00007FF70FB53412]\n\t(No symbol) [0x00007FF70FB36D83]\n\t(No symbol) [0x00007FF70FB083A8]\n\t(No symbol) [0x00007FF70FB09441]\n\tGetHandleVerifier [0x00007FF7100C25AD+4238317]\n\tGetHandleVerifier [0x00007FF7100FF70D+4488525]\n\tGetHandleVerifier [0x00007FF7100F79EF+4456495]\n\tGetHandleVerifier [0x00007FF70FDA0576+953270]\n\t(No symbol) [0x00007FF70FC3E54F]\n\t(No symbol) [0x00007FF70FC39224]\n\t(No symbol) [0x00007FF70FC3935B]\n\t(No symbol) [0x00007FF70FC29B94]\n\tBaseThreadInitThunk [0x00007FFE675D7344+20]\n\tRtlUserThreadStart [0x00007FFE677426B1+33]\n\n", "trace": "  File \"E:\\pythonProject\\Diplom\\Diplom_3\\venv\\Lib\\site-packages\\allure_commons\\_allure.py\", line 192, in impl\n    return func(*a, **kw)\n           ^^^^^^^^^^^^^^\n  File \"E:\\pythonProject\\Diplom\\Diplom_3\\pages\\orders_feed_page.py\", line 65, in get_all_orders_counter\n    return self.get_text_from_element(OrdersFeedLocators.ALL_ORDERS_COUNTER)\n           ^^^^^^^^^^^^^^^^^^^^^^^^^^^^^^^^^^^^^^^^^^^^^^^^^^^^^^^^^^^^^^^^^\n  File \"E:\\pythonProject\\Diplom\\Diplom_3\\pages\\base_page.py\", line 31, in get_text_from_element\n    element = self.find_element_with_wait(locator)\n              ^^^^^^^^^^^^^^^^^^^^^^^^^^^^^^^^^^^^\n  File \"E:\\pythonProject\\Diplom\\Diplom_3\\pages\\base_page.py\", line 11, in find_element_with_wait\n    WebDriverWait(self.driver, 5).until(expected_conditions.visibility_of_element_located(locator))\n  File \"E:\\pythonProject\\Diplom\\Diplom_3\\venv\\Lib\\site-packages\\selenium\\webdriver\\support\\wait.py\", line 105, in until\n    raise TimeoutException(message, screen, stacktrace)\n"}, "start": 1712827435386, "stop": 1712827440435}], "parameters": [{"name": "driver", "value": "'chrome'"}], "start": 1712827431567, "stop": 1712827440435, "uuid": "cdc8229e-97a4-487b-91af-d3cfa8342877", "historyId": "8ba785ccfb2f52f904b482e0f08a85cb", "testCaseId": "9c25c8e3622c5c9dd0fd6f3ca8754317", "fullName": "tests.test_orders_feed_page.TestOrdersFeedPage#test_check_all_order_counter_increased", "labels": [{"name": "parentSuite", "value": "tests"}, {"name": "suite", "value": "test_orders_feed_page"}, {"name": "subSuite", "value": "TestOrdersFeedPage"}, {"name": "host", "value": "WIN-3S7DAA7KM70"}, {"name": "thread", "value": "5952-MainThread"}, {"name": "framework", "value": "pytest"}, {"name": "language", "value": "cpython3"}, {"name": "package", "value": "tests.test_orders_feed_page"}]}