{"name": "Проверка наличия последнего заказа пользователя в Ленте заказов", "status": "broken", "statusDetails": {"message": "selenium.common.exceptions.TimeoutException: Message: \nStacktrace:\n\tGetHandleVerifier [0x00007FF70FCC7032+63090]\n\t(No symbol) [0x00007FF70FC32C82]\n\t(No symbol) [0x00007FF70FACEC65]\n\t(No symbol) [0x00007FF70FB1499D]\n\t(No symbol) [0x00007FF70FB14ADC]\n\t(No symbol) [0x00007FF70FB55B37]\n\t(No symbol) [0x00007FF70FB3701F]\n\t(No symbol) [0x00007FF70FB53412]\n\t(No symbol) [0x00007FF70FB36D83]\n\t(No symbol) [0x00007FF70FB083A8]\n\t(No symbol) [0x00007FF70FB09441]\n\tGetHandleVerifier [0x00007FF7100C25AD+4238317]\n\tGetHandleVerifier [0x00007FF7100FF70D+4488525]\n\tGetHandleVerifier [0x00007FF7100F79EF+4456495]\n\tGetHandleVerifier [0x00007FF70FDA0576+953270]\n\t(No symbol) [0x00007FF70FC3E54F]\n\t(No symbol) [0x00007FF70FC39224]\n\t(No symbol) [0x00007FF70FC3935B]\n\t(No symbol) [0x00007FF70FC29B94]\n\tBaseThreadInitThunk [0x00007FFE675D7344+20]\n\tRtlUserThreadStart [0x00007FFE677426B1+33]", "trace": "self = <tests.test_orders_feed_page.TestOrdersFeedPage object at 0x0000022D292011C0>, orders_feed_page_authorize = <pages.orders_feed_page.OrdersFeedPage object at 0x0000022D29203BC0>\n\n    @allure.title('Проверка наличия последнего заказа пользователя в Ленте заказов')\n    def test_check_order_user_in_orders_feed_success(self, orders_feed_page_authorize):\n        orders_feed_page_authorize.create_order()\n        orders_feed_page_authorize.close_details_order_window()\n>       order_number = orders_feed_page_authorize.get_lust_number_order()\n\ntests\\test_orders_feed_page.py:22: \n_ _ _ _ _ _ _ _ _ _ _ _ _ _ _ _ _ _ _ _ _ _ _ _ _ _ _ _ _ _ _ _ _ _ _ _ _ _ _ _ _ _ _ _ _ _ _ _ _ _ _ _ _ _ _ _ _ _ _ _ _ _ _ _ _ _ _ _ _ _ _ _ _ _ _ _ _ _ _ _ _ _ _ _ _ _ _ _ _ _ _ _ _ _ _ _ _ _ _ _ _ _ _ _ _ _ _ _ _ _ _ _ _ _\npages\\orders_feed_page.py:46: in get_lust_number_order\n    self.click_on_element(ProfilePageLocators.HISTORY_LINK)\npages\\base_page.py:16: in click_on_element\n    element = self.find_element_with_wait(locator)\npages\\base_page.py:11: in find_element_with_wait\n    WebDriverWait(self.driver, 5).until(expected_conditions.visibility_of_element_located(locator))\n_ _ _ _ _ _ _ _ _ _ _ _ _ _ _ _ _ _ _ _ _ _ _ _ _ _ _ _ _ _ _ _ _ _ _ _ _ _ _ _ _ _ _ _ _ _ _ _ _ _ _ _ _ _ _ _ _ _ _ _ _ _ _ _ _ _ _ _ _ _ _ _ _ _ _ _ _ _ _ _ _ _ _ _ _ _ _ _ _ _ _ _ _ _ _ _ _ _ _ _ _ _ _ _ _ _ _ _ _ _ _ _ _ _\n\nself = <selenium.webdriver.support.wait.WebDriverWait (session=\"35860c765e352a7298c82f33ea11ec70\")>, method = <function visibility_of_element_located.<locals>._predicate at 0x0000022D2922EC00>, message = ''\n\n    def until(self, method: Callable[[D], Union[Literal[False], T]], message: str = \"\") -> T:\n        \"\"\"Calls the method provided with the driver as an argument until the \\\n        return value does not evaluate to ``False``.\n    \n        :param method: callable(WebDriver)\n        :param message: optional message for :exc:`TimeoutException`\n        :returns: the result of the last call to `method`\n        :raises: :exc:`selenium.common.exceptions.TimeoutException` if timeout occurs\n        \"\"\"\n        screen = None\n        stacktrace = None\n    \n        end_time = time.monotonic() + self._timeout\n        while True:\n            try:\n                value = method(self._driver)\n                if value:\n                    return value\n            except self._ignored_exceptions as exc:\n                screen = getattr(exc, \"screen\", None)\n                stacktrace = getattr(exc, \"stacktrace\", None)\n            time.sleep(self._poll)\n            if time.monotonic() > end_time:\n                break\n>       raise TimeoutException(message, screen, stacktrace)\nE       selenium.common.exceptions.TimeoutException: Message: \nE       Stacktrace:\nE       \tGetHandleVerifier [0x00007FF70FCC7032+63090]\nE       \t(No symbol) [0x00007FF70FC32C82]\nE       \t(No symbol) [0x00007FF70FACEC65]\nE       \t(No symbol) [0x00007FF70FB1499D]\nE       \t(No symbol) [0x00007FF70FB14ADC]\nE       \t(No symbol) [0x00007FF70FB55B37]\nE       \t(No symbol) [0x00007FF70FB3701F]\nE       \t(No symbol) [0x00007FF70FB53412]\nE       \t(No symbol) [0x00007FF70FB36D83]\nE       \t(No symbol) [0x00007FF70FB083A8]\nE       \t(No symbol) [0x00007FF70FB09441]\nE       \tGetHandleVerifier [0x00007FF7100C25AD+4238317]\nE       \tGetHandleVerifier [0x00007FF7100FF70D+4488525]\nE       \tGetHandleVerifier [0x00007FF7100F79EF+4456495]\nE       \tGetHandleVerifier [0x00007FF70FDA0576+953270]\nE       \t(No symbol) [0x00007FF70FC3E54F]\nE       \t(No symbol) [0x00007FF70FC39224]\nE       \t(No symbol) [0x00007FF70FC3935B]\nE       \t(No symbol) [0x00007FF70FC29B94]\nE       \tBaseThreadInitThunk [0x00007FFE675D7344+20]\nE       \tRtlUserThreadStart [0x00007FFE677426B1+33]\n\nvenv\\Lib\\site-packages\\selenium\\webdriver\\support\\wait.py:105: TimeoutException"}, "steps": [{"name": "Создать заказ", "status": "passed", "start": 1712827393275, "stop": 1712827394617}, {"name": "Закрыть окно заказа", "status": "passed", "start": 1712827394617, "stop": 1712827395394}, {"name": "Получить номер последнего сделанного заказа пользователем", "status": "broken", "statusDetails": {"message": "selenium.common.exceptions.TimeoutException: Message: \nStacktrace:\n\tGetHandleVerifier [0x00007FF70FCC7032+63090]\n\t(No symbol) [0x00007FF70FC32C82]\n\t(No symbol) [0x00007FF70FACEC65]\n\t(No symbol) [0x00007FF70FB1499D]\n\t(No symbol) [0x00007FF70FB14ADC]\n\t(No symbol) [0x00007FF70FB55B37]\n\t(No symbol) [0x00007FF70FB3701F]\n\t(No symbol) [0x00007FF70FB53412]\n\t(No symbol) [0x00007FF70FB36D83]\n\t(No symbol) [0x00007FF70FB083A8]\n\t(No symbol) [0x00007FF70FB09441]\n\tGetHandleVerifier [0x00007FF7100C25AD+4238317]\n\tGetHandleVerifier [0x00007FF7100FF70D+4488525]\n\tGetHandleVerifier [0x00007FF7100F79EF+4456495]\n\tGetHandleVerifier [0x00007FF70FDA0576+953270]\n\t(No symbol) [0x00007FF70FC3E54F]\n\t(No symbol) [0x00007FF70FC39224]\n\t(No symbol) [0x00007FF70FC3935B]\n\t(No symbol) [0x00007FF70FC29B94]\n\tBaseThreadInitThunk [0x00007FFE675D7344+20]\n\tRtlUserThreadStart [0x00007FFE677426B1+33]\n\n", "trace": "  File \"E:\\pythonProject\\Diplom\\Diplom_3\\venv\\Lib\\site-packages\\allure_commons\\_allure.py\", line 192, in impl\n    return func(*a, **kw)\n           ^^^^^^^^^^^^^^\n  File \"E:\\pythonProject\\Diplom\\Diplom_3\\pages\\orders_feed_page.py\", line 46, in get_lust_number_order\n    self.click_on_element(ProfilePageLocators.HISTORY_LINK)\n  File \"E:\\pythonProject\\Diplom\\Diplom_3\\pages\\base_page.py\", line 16, in click_on_element\n    element = self.find_element_with_wait(locator)\n              ^^^^^^^^^^^^^^^^^^^^^^^^^^^^^^^^^^^^\n  File \"E:\\pythonProject\\Diplom\\Diplom_3\\pages\\base_page.py\", line 11, in find_element_with_wait\n    WebDriverWait(self.driver, 5).until(expected_conditions.visibility_of_element_located(locator))\n  File \"E:\\pythonProject\\Diplom\\Diplom_3\\venv\\Lib\\site-packages\\selenium\\webdriver\\support\\wait.py\", line 105, in until\n    raise TimeoutException(message, screen, stacktrace)\n"}, "start": 1712827395394, "stop": 1712827402218}], "parameters": [{"name": "driver", "value": "'chrome'"}], "start": 1712827393275, "stop": 1712827402218, "uuid": "32ec2d3a-9971-4732-bfb3-bd553e0ce291", "historyId": "14af22190236b5ac3a287a2eaf3769a0", "testCaseId": "449f134d4353e13aea3877e87120fecc", "fullName": "tests.test_orders_feed_page.TestOrdersFeedPage#test_check_order_user_in_orders_feed_success", "labels": [{"name": "parentSuite", "value": "tests"}, {"name": "suite", "value": "test_orders_feed_page"}, {"name": "subSuite", "value": "TestOrdersFeedPage"}, {"name": "host", "value": "WIN-3S7DAA7KM70"}, {"name": "thread", "value": "5952-MainThread"}, {"name": "framework", "value": "pytest"}, {"name": "language", "value": "cpython3"}, {"name": "package", "value": "tests.test_orders_feed_page"}]}